[2015-11-15 13:40:34] production.ERROR: exception 'PDOException' with message 'SQLSTATE[42000]: Syntax error or access violation: 1701 Cannot truncate a table referenced in a foreign key constraint (`calibrary`.`accession`, CONSTRAINT `accession_isbn_foreign` FOREIGN KEY (`isbn`) REFERENCES `calibrary`.`publication` (`isbn`))' in C:\lrvmaterial\laravel\vendor\laravel\framework\src\Illuminate\Database\Connection.php:390
Stack trace:
#0 C:\lrvmaterial\laravel\vendor\laravel\framework\src\Illuminate\Database\Connection.php(390): PDOStatement->execute(Array)
#1 C:\lrvmaterial\laravel\vendor\laravel\framework\src\Illuminate\Database\Connection.php(644): Illuminate\Database\Connection->Illuminate\Database\{closure}(Object(Illuminate\Database\MySqlConnection), 'truncate `publi...', Array)
#2 C:\lrvmaterial\laravel\vendor\laravel\framework\src\Illuminate\Database\Connection.php(611): Illuminate\Database\Connection->runQueryCallback('truncate `publi...', Array, Object(Closure))
#3 C:\lrvmaterial\laravel\vendor\laravel\framework\src\Illuminate\Database\Connection.php(391): Illuminate\Database\Connection->run('truncate `publi...', Array, Object(Closure))
#4 C:\lrvmaterial\laravel\vendor\laravel\framework\src\Illuminate\Database\Query\Builder.php(1879): Illuminate\Database\Connection->statement('truncate `publi...', Array)
#5 [internal function]: Illuminate\Database\Query\Builder->truncate()
#6 C:\lrvmaterial\laravel\vendor\laravel\framework\src\Illuminate\Database\Eloquent\Builder.php(943): call_user_func_array(Array, Array)
#7 [internal function]: Illuminate\Database\Eloquent\Builder->__call('truncate', Array)
#8 [internal function]: Illuminate\Database\Eloquent\Builder->truncate()
#9 C:\lrvmaterial\laravel\vendor\laravel\framework\src\Illuminate\Database\Eloquent\Model.php(3482): call_user_func_array(Array, Array)
#10 [internal function]: Illuminate\Database\Eloquent\Model->__call('truncate', Array)
#11 [internal function]: App\Publication->truncate()
#12 C:\lrvmaterial\laravel\vendor\laravel\framework\src\Illuminate\Database\Eloquent\Model.php(3496): call_user_func_array(Array, Array)
#13 C:\lrvmaterial\laravel\database\seeds\PublicationTableSeeder.php(15): Illuminate\Database\Eloquent\Model::__callStatic('truncate', Array)
#14 C:\lrvmaterial\laravel\database\seeds\PublicationTableSeeder.php(15): App\Publication::truncate()
#15 C:\lrvmaterial\laravel\vendor\laravel\framework\src\Illuminate\Database\Seeder.php(42): PublicationTableSeeder->run()
#16 C:\lrvmaterial\laravel\database\seeds\DatabaseSeeder.php(25): Illuminate\Database\Seeder->call('PublicationTabl...')
#17 C:\lrvmaterial\laravel\vendor\laravel\framework\src\Illuminate\Database\Console\Seeds\SeedCommand.php(61): DatabaseSeeder->run()
#18 [internal function]: Illuminate\Database\Console\Seeds\SeedCommand->fire()
#19 C:\lrvmaterial\laravel\vendor\laravel\framework\src\Illuminate\Container\Container.php(503): call_user_func_array(Array, Array)
#20 C:\lrvmaterial\laravel\vendor\laravel\framework\src\Illuminate\Console\Command.php(150): Illuminate\Container\Container->call(Array)
#21 C:\lrvmaterial\laravel\vendor\symfony\console\Command\Command.php(256): Illuminate\Console\Command->execute(Object(Symfony\Component\Console\Input\ArrayInput), Object(Illuminate\Console\OutputStyle))
#22 C:\lrvmaterial\laravel\vendor\laravel\framework\src\Illuminate\Console\Command.php(136): Symfony\Component\Console\Command\Command->run(Object(Symfony\Component\Console\Input\ArrayInput), Object(Illuminate\Console\OutputStyle))
#23 C:\lrvmaterial\laravel\vendor\laravel\framework\src\Illuminate\Console\Command.php(166): Illuminate\Console\Command->run(Object(Symfony\Component\Console\Input\ArrayInput), Object(Illuminate\Console\OutputStyle))
#24 C:\lrvmaterial\laravel\vendor\laravel\framework\src\Illuminate\Database\Console\Migrations\RefreshCommand.php(86): Illuminate\Console\Command->call('db:seed', Array)
#25 C:\lrvmaterial\laravel\vendor\laravel\framework\src\Illuminate\Database\Console\Migrations\RefreshCommand.php(58): Illuminate\Database\Console\Migrations\RefreshCommand->runSeeder(NULL)
#26 [internal function]: Illuminate\Database\Console\Migrations\RefreshCommand->fire()
#27 C:\lrvmaterial\laravel\vendor\laravel\framework\src\Illuminate\Container\Container.php(503): call_user_func_array(Array, Array)
#28 C:\lrvmaterial\laravel\vendor\laravel\framework\src\Illuminate\Console\Command.php(150): Illuminate\Container\Container->call(Array)
#29 C:\lrvmaterial\laravel\vendor\symfony\console\Command\Command.php(256): Illuminate\Console\Command->execute(Object(Symfony\Component\Console\Input\ArgvInput), Object(Symfony\Component\Console\Output\ConsoleOutput))
#30 C:\lrvmaterial\laravel\vendor\laravel\framework\src\Illuminate\Console\Command.php(136): Symfony\Component\Console\Command\Command->run(Object(Symfony\Component\Console\Input\ArgvInput), Object(Symfony\Component\Console\Output\ConsoleOutput))
#31 C:\lrvmaterial\laravel\vendor\symfony\console\Application.php(838): Illuminate\Console\Command->run(Object(Symfony\Component\Console\Input\ArgvInput), Object(Symfony\Component\Console\Output\ConsoleOutput))
#32 C:\lrvmaterial\laravel\vendor\symfony\console\Application.php(189): Symfony\Component\Console\Application->doRunCommand(Object(Illuminate\Database\Console\Migrations\RefreshCommand), Object(Symfony\Component\Console\Input\ArgvInput), Object(Symfony\Component\Console\Output\ConsoleOutput))
#33 C:\lrvmaterial\laravel\vendor\symfony\console\Application.php(120): Symfony\Component\Console\Application->doRun(Object(Symfony\Component\Console\Input\ArgvInput), Object(Symfony\Component\Console\Output\ConsoleOutput))
#34 C:\lrvmaterial\laravel\vendor\laravel\framework\src\Illuminate\Foundation\Console\Kernel.php(107): Symfony\Component\Console\Application->run(Object(Symfony\Component\Console\Input\ArgvInput), Object(Symfony\Component\Console\Output\ConsoleOutput))
#35 C:\lrvmaterial\laravel\artisan(36): Illuminate\Foundation\Console\Kernel->handle(Object(Symfony\Component\Console\Input\ArgvInput), Object(Symfony\Component\Console\Output\ConsoleOutput))
#36 {main}

Next exception 'Illuminate\Database\QueryException' with message 'SQLSTATE[42000]: Syntax error or access violation: 1701 Cannot truncate a table referenced in a foreign key constraint (`calibrary`.`accession`, CONSTRAINT `accession_isbn_foreign` FOREIGN KEY (`isbn`) REFERENCES `calibrary`.`publication` (`isbn`)) (SQL: truncate `publication`)' in C:\lrvmaterial\laravel\vendor\laravel\framework\src\Illuminate\Database\Connection.php:651
Stack trace:
#0 C:\lrvmaterial\laravel\vendor\laravel\framework\src\Illuminate\Database\Connection.php(611): Illuminate\Database\Connection->runQueryCallback('truncate `publi...', Array, Object(Closure))
#1 C:\lrvmaterial\laravel\vendor\laravel\framework\src\Illuminate\Database\Connection.php(391): Illuminate\Database\Connection->run('truncate `publi...', Array, Object(Closure))
#2 C:\lrvmaterial\laravel\vendor\laravel\framework\src\Illuminate\Database\Query\Builder.php(1879): Illuminate\Database\Connection->statement('truncate `publi...', Array)
#3 [internal function]: Illuminate\Database\Query\Builder->truncate()
#4 C:\lrvmaterial\laravel\vendor\laravel\framework\src\Illuminate\Database\Eloquent\Builder.php(943): call_user_func_array(Array, Array)
#5 [internal function]: Illuminate\Database\Eloquent\Builder->__call('truncate', Array)
#6 [internal function]: Illuminate\Database\Eloquent\Builder->truncate()
#7 C:\lrvmaterial\laravel\vendor\laravel\framework\src\Illuminate\Database\Eloquent\Model.php(3482): call_user_func_array(Array, Array)
#8 [internal function]: Illuminate\Database\Eloquent\Model->__call('truncate', Array)
#9 [internal function]: App\Publication->truncate()
#10 C:\lrvmaterial\laravel\vendor\laravel\framework\src\Illuminate\Database\Eloquent\Model.php(3496): call_user_func_array(Array, Array)
#11 C:\lrvmaterial\laravel\database\seeds\PublicationTableSeeder.php(15): Illuminate\Database\Eloquent\Model::__callStatic('truncate', Array)
#12 C:\lrvmaterial\laravel\database\seeds\PublicationTableSeeder.php(15): App\Publication::truncate()
#13 C:\lrvmaterial\laravel\vendor\laravel\framework\src\Illuminate\Database\Seeder.php(42): PublicationTableSeeder->run()
#14 C:\lrvmaterial\laravel\database\seeds\DatabaseSeeder.php(25): Illuminate\Database\Seeder->call('PublicationTabl...')
#15 C:\lrvmaterial\laravel\vendor\laravel\framework\src\Illuminate\Database\Console\Seeds\SeedCommand.php(61): DatabaseSeeder->run()
#16 [internal function]: Illuminate\Database\Console\Seeds\SeedCommand->fire()
#17 C:\lrvmaterial\laravel\vendor\laravel\framework\src\Illuminate\Container\Container.php(503): call_user_func_array(Array, Array)
#18 C:\lrvmaterial\laravel\vendor\laravel\framework\src\Illuminate\Console\Command.php(150): Illuminate\Container\Container->call(Array)
#19 C:\lrvmaterial\laravel\vendor\symfony\console\Command\Command.php(256): Illuminate\Console\Command->execute(Object(Symfony\Component\Console\Input\ArrayInput), Object(Illuminate\Console\OutputStyle))
#20 C:\lrvmaterial\laravel\vendor\laravel\framework\src\Illuminate\Console\Command.php(136): Symfony\Component\Console\Command\Command->run(Object(Symfony\Component\Console\Input\ArrayInput), Object(Illuminate\Console\OutputStyle))
#21 C:\lrvmaterial\laravel\vendor\laravel\framework\src\Illuminate\Console\Command.php(166): Illuminate\Console\Command->run(Object(Symfony\Component\Console\Input\ArrayInput), Object(Illuminate\Console\OutputStyle))
#22 C:\lrvmaterial\laravel\vendor\laravel\framework\src\Illuminate\Database\Console\Migrations\RefreshCommand.php(86): Illuminate\Console\Command->call('db:seed', Array)
#23 C:\lrvmaterial\laravel\vendor\laravel\framework\src\Illuminate\Database\Console\Migrations\RefreshCommand.php(58): Illuminate\Database\Console\Migrations\RefreshCommand->runSeeder(NULL)
#24 [internal function]: Illuminate\Database\Console\Migrations\RefreshCommand->fire()
#25 C:\lrvmaterial\laravel\vendor\laravel\framework\src\Illuminate\Container\Container.php(503): call_user_func_array(Array, Array)
#26 C:\lrvmaterial\laravel\vendor\laravel\framework\src\Illuminate\Console\Command.php(150): Illuminate\Container\Container->call(Array)
#27 C:\lrvmaterial\laravel\vendor\symfony\console\Command\Command.php(256): Illuminate\Console\Command->execute(Object(Symfony\Component\Console\Input\ArgvInput), Object(Symfony\Component\Console\Output\ConsoleOutput))
#28 C:\lrvmaterial\laravel\vendor\laravel\framework\src\Illuminate\Console\Command.php(136): Symfony\Component\Console\Command\Command->run(Object(Symfony\Component\Console\Input\ArgvInput), Object(Symfony\Component\Console\Output\ConsoleOutput))
#29 C:\lrvmaterial\laravel\vendor\symfony\console\Application.php(838): Illuminate\Console\Command->run(Object(Symfony\Component\Console\Input\ArgvInput), Object(Symfony\Component\Console\Output\ConsoleOutput))
#30 C:\lrvmaterial\laravel\vendor\symfony\console\Application.php(189): Symfony\Component\Console\Application->doRunCommand(Object(Illuminate\Database\Console\Migrations\RefreshCommand), Object(Symfony\Component\Console\Input\ArgvInput), Object(Symfony\Component\Console\Output\ConsoleOutput))
#31 C:\lrvmaterial\laravel\vendor\symfony\console\Application.php(120): Symfony\Component\Console\Application->doRun(Object(Symfony\Component\Console\Input\ArgvInput), Object(Symfony\Component\Console\Output\ConsoleOutput))
#32 C:\lrvmaterial\laravel\vendor\laravel\framework\src\Illuminate\Foundation\Console\Kernel.php(107): Symfony\Component\Console\Application->run(Object(Symfony\Component\Console\Input\ArgvInput), Object(Symfony\Component\Console\Output\ConsoleOutput))
#33 C:\lrvmaterial\laravel\artisan(36): Illuminate\Foundation\Console\Kernel->handle(Object(Symfony\Component\Console\Input\ArgvInput), Object(Symfony\Component\Console\Output\ConsoleOutput))
#34 {main}  
[2015-11-15 15:47:29] production.ERROR: exception 'ErrorException' with message 'Undefined offset: 0' in C:\lrvmaterial\laravel\app\Http\Controllers\CirculationController.php:90
Stack trace:
#0 C:\lrvmaterial\laravel\app\Http\Controllers\CirculationController.php(90): Illuminate\Foundation\Bootstrap\HandleExceptions->handleError(8, 'Undefined offse...', 'C:\\lrvmaterial\\...', 90, Array)
#1 [internal function]: App\Http\Controllers\CirculationController->returnPublication(Object(Illuminate\Http\Request))
#2 C:\lrvmaterial\laravel\vendor\laravel\framework\src\Illuminate\Routing\Controller.php(256): call_user_func_array(Array, Array)
#3 C:\lrvmaterial\laravel\vendor\laravel\framework\src\Illuminate\Routing\ControllerDispatcher.php(164): Illuminate\Routing\Controller->callAction('returnPublicati...', Array)
#4 C:\lrvmaterial\laravel\vendor\laravel\framework\src\Illuminate\Routing\ControllerDispatcher.php(112): Illuminate\Routing\ControllerDispatcher->call(Object(App\Http\Controllers\CirculationController), Object(Illuminate\Routing\Route), 'returnPublicati...')
#5 [internal function]: Illuminate\Routing\ControllerDispatcher->Illuminate\Routing\{closure}(Object(Illuminate\Http\Request))
#6 C:\lrvmaterial\laravel\vendor\laravel\framework\src\Illuminate\Pipeline\Pipeline.php(139): call_user_func(Object(Closure), Object(Illuminate\Http\Request))
#7 [internal function]: Illuminate\Pipeline\Pipeline->Illuminate\Pipeline\{closure}(Object(Illuminate\Http\Request))
#8 C:\lrvmaterial\laravel\vendor\laravel\framework\src\Illuminate\Pipeline\Pipeline.php(103): call_user_func(Object(Closure), Object(Illuminate\Http\Request))
#9 C:\lrvmaterial\laravel\vendor\laravel\framework\src\Illuminate\Routing\ControllerDispatcher.php(114): Illuminate\Pipeline\Pipeline->then(Object(Closure))
#10 C:\lrvmaterial\laravel\vendor\laravel\framework\src\Illuminate\Routing\ControllerDispatcher.php(69): Illuminate\Routing\ControllerDispatcher->callWithinStack(Object(App\Http\Controllers\CirculationController), Object(Illuminate\Routing\Route), Object(Illuminate\Http\Request), 'returnPublicati...')
#11 C:\lrvmaterial\laravel\vendor\laravel\framework\src\Illuminate\Routing\Route.php(203): Illuminate\Routing\ControllerDispatcher->dispatch(Object(Illuminate\Routing\Route), Object(Illuminate\Http\Request), 'App\\Http\\Contro...', 'returnPublicati...')
#12 C:\lrvmaterial\laravel\vendor\laravel\framework\src\Illuminate\Routing\Route.php(134): Illuminate\Routing\Route->runWithCustomDispatcher(Object(Illuminate\Http\Request))
#13 C:\lrvmaterial\laravel\vendor\laravel\framework\src\Illuminate\Routing\Router.php(712): Illuminate\Routing\Route->run(Object(Illuminate\Http\Request))
#14 [internal function]: Illuminate\Routing\Router->Illuminate\Routing\{closure}(Object(Illuminate\Http\Request))
#15 C:\lrvmaterial\laravel\vendor\laravel\framework\src\Illuminate\Pipeline\Pipeline.php(139): call_user_func(Object(Closure), Object(Illuminate\Http\Request))
#16 C:\lrvmaterial\laravel\app\Http\Middleware\Authorization.php(26): Illuminate\Pipeline\Pipeline->Illuminate\Pipeline\{closure}(Object(Illuminate\Http\Request))
#17 [internal function]: App\Http\Middleware\Authorization->handle(Object(Illuminate\Http\Request), Object(Closure))
#18 C:\lrvmaterial\laravel\vendor\laravel\framework\src\Illuminate\Pipeline\Pipeline.php(124): call_user_func_array(Array, Array)
#19 C:\lrvmaterial\laravel\app\Http\Middleware\Authenticate.php(45): Illuminate\Pipeline\Pipeline->Illuminate\Pipeline\{closure}(Object(Illuminate\Http\Request))
#20 [internal function]: App\Http\Middleware\Authenticate->handle(Object(Illuminate\Http\Request), Object(Closure))
#21 C:\lrvmaterial\laravel\vendor\laravel\framework\src\Illuminate\Pipeline\Pipeline.php(124): call_user_func_array(Array, Array)
#22 [internal function]: Illuminate\Pipeline\Pipeline->Illuminate\Pipeline\{closure}(Object(Illuminate\Http\Request))
#23 C:\lrvmaterial\laravel\vendor\laravel\framework\src\Illuminate\Pipeline\Pipeline.php(103): call_user_func(Object(Closure), Object(Illuminate\Http\Request))
#24 C:\lrvmaterial\laravel\vendor\laravel\framework\src\Illuminate\Routing\Router.php(714): Illuminate\Pipeline\Pipeline->then(Object(Closure))
#25 C:\lrvmaterial\laravel\vendor\laravel\framework\src\Illuminate\Routing\Router.php(679): Illuminate\Routing\Router->runRouteWithinStack(Object(Illuminate\Routing\Route), Object(Illuminate\Http\Request))
#26 C:\lrvmaterial\laravel\vendor\laravel\framework\src\Illuminate\Routing\Router.php(639): Illuminate\Routing\Router->dispatchToRoute(Object(Illuminate\Http\Request))
#27 C:\lrvmaterial\laravel\vendor\laravel\framework\src\Illuminate\Foundation\Http\Kernel.php(236): Illuminate\Routing\Router->dispatch(Object(Illuminate\Http\Request))
#28 [internal function]: Illuminate\Foundation\Http\Kernel->Illuminate\Foundation\Http\{closure}(Object(Illuminate\Http\Request))
#29 C:\lrvmaterial\laravel\vendor\laravel\framework\src\Illuminate\Pipeline\Pipeline.php(139): call_user_func(Object(Closure), Object(Illuminate\Http\Request))
#30 C:\lrvmaterial\laravel\vendor\laravel\framework\src\Illuminate\Foundation\Http\Middleware\VerifyCsrfToken.php(50): Illuminate\Pipeline\Pipeline->Illuminate\Pipeline\{closure}(Object(Illuminate\Http\Request))
#31 [internal function]: Illuminate\Foundation\Http\Middleware\VerifyCsrfToken->handle(Object(Illuminate\Http\Request), Object(Closure))
#32 C:\lrvmaterial\laravel\vendor\laravel\framework\src\Illuminate\Pipeline\Pipeline.php(124): call_user_func_array(Array, Array)
#33 C:\lrvmaterial\laravel\vendor\laravel\framework\src\Illuminate\View\Middleware\ShareErrorsFromSession.php(49): Illuminate\Pipeline\Pipeline->Illuminate\Pipeline\{closure}(Object(Illuminate\Http\Request))
#34 [internal function]: Illuminate\View\Middleware\ShareErrorsFromSession->handle(Object(Illuminate\Http\Request), Object(Closure))
#35 C:\lrvmaterial\laravel\vendor\laravel\framework\src\Illuminate\Pipeline\Pipeline.php(124): call_user_func_array(Array, Array)
#36 C:\lrvmaterial\laravel\vendor\laravel\framework\src\Illuminate\Session\Middleware\StartSession.php(62): Illuminate\Pipeline\Pipeline->Illuminate\Pipeline\{closure}(Object(Illuminate\Http\Request))
#37 [internal function]: Illuminate\Session\Middleware\StartSession->handle(Object(Illuminate\Http\Request), Object(Closure))
#38 C:\lrvmaterial\laravel\vendor\laravel\framework\src\Illuminate\Pipeline\Pipeline.php(124): call_user_func_array(Array, Array)
#39 C:\lrvmaterial\laravel\vendor\laravel\framework\src\Illuminate\Cookie\Middleware\AddQueuedCookiesToResponse.php(37): Illuminate\Pipeline\Pipeline->Illuminate\Pipeline\{closure}(Object(Illuminate\Http\Request))
#40 [internal function]: Illuminate\Cookie\Middleware\AddQueuedCookiesToResponse->handle(Object(Illuminate\Http\Request), Object(Closure))
#41 C:\lrvmaterial\laravel\vendor\laravel\framework\src\Illuminate\Pipeline\Pipeline.php(124): call_user_func_array(Array, Array)
#42 C:\lrvmaterial\laravel\vendor\laravel\framework\src\Illuminate\Cookie\Middleware\EncryptCookies.php(59): Illuminate\Pipeline\Pipeline->Illuminate\Pipeline\{closure}(Object(Illuminate\Http\Request))
#43 [internal function]: Illuminate\Cookie\Middleware\EncryptCookies->handle(Object(Illuminate\Http\Request), Object(Closure))
#44 C:\lrvmaterial\laravel\vendor\laravel\framework\src\Illuminate\Pipeline\Pipeline.php(124): call_user_func_array(Array, Array)
#45 C:\lrvmaterial\laravel\vendor\laravel\framework\src\Illuminate\Foundation\Http\Middleware\CheckForMaintenanceMode.php(42): Illuminate\Pipeline\Pipeline->Illuminate\Pipeline\{closure}(Object(Illuminate\Http\Request))
#46 [internal function]: Illuminate\Foundation\Http\Middleware\CheckForMaintenanceMode->handle(Object(Illuminate\Http\Request), Object(Closure))
#47 C:\lrvmaterial\laravel\vendor\laravel\framework\src\Illuminate\Pipeline\Pipeline.php(124): call_user_func_array(Array, Array)
#48 [internal function]: Illuminate\Pipeline\Pipeline->Illuminate\Pipeline\{closure}(Object(Illuminate\Http\Request))
#49 C:\lrvmaterial\laravel\vendor\laravel\framework\src\Illuminate\Pipeline\Pipeline.php(103): call_user_func(Object(Closure), Object(Illuminate\Http\Request))
#50 C:\lrvmaterial\laravel\vendor\laravel\framework\src\Illuminate\Foundation\Http\Kernel.php(122): Illuminate\Pipeline\Pipeline->then(Object(Closure))
#51 C:\lrvmaterial\laravel\vendor\laravel\framework\src\Illuminate\Foundation\Http\Kernel.php(87): Illuminate\Foundation\Http\Kernel->sendRequestThroughRouter(Object(Illuminate\Http\Request))
#52 C:\lrvmaterial\laravel\app\Http\Kernel.php(37): Illuminate\Foundation\Http\Kernel->handle(Object(Illuminate\Http\Request))
#53 C:\lrvmaterial\laravel\public\index.php(54): App\Http\Kernel->handle(Object(Illuminate\Http\Request))
#54 C:\lrvmaterial\laravel\server.php(21): require_once('C:\\lrvmaterial\\...')
#55 {main}  
[2015-11-15 15:47:38] production.ERROR: exception 'ErrorException' with message 'Undefined offset: 0' in C:\lrvmaterial\laravel\app\Http\Controllers\CirculationController.php:90
Stack trace:
#0 C:\lrvmaterial\laravel\app\Http\Controllers\CirculationController.php(90): Illuminate\Foundation\Bootstrap\HandleExceptions->handleError(8, 'Undefined offse...', 'C:\\lrvmaterial\\...', 90, Array)
#1 [internal function]: App\Http\Controllers\CirculationController->returnPublication(Object(Illuminate\Http\Request))
#2 C:\lrvmaterial\laravel\vendor\laravel\framework\src\Illuminate\Routing\Controller.php(256): call_user_func_array(Array, Array)
#3 C:\lrvmaterial\laravel\vendor\laravel\framework\src\Illuminate\Routing\ControllerDispatcher.php(164): Illuminate\Routing\Controller->callAction('returnPublicati...', Array)
#4 C:\lrvmaterial\laravel\vendor\laravel\framework\src\Illuminate\Routing\ControllerDispatcher.php(112): Illuminate\Routing\ControllerDispatcher->call(Object(App\Http\Controllers\CirculationController), Object(Illuminate\Routing\Route), 'returnPublicati...')
#5 [internal function]: Illuminate\Routing\ControllerDispatcher->Illuminate\Routing\{closure}(Object(Illuminate\Http\Request))
#6 C:\lrvmaterial\laravel\vendor\laravel\framework\src\Illuminate\Pipeline\Pipeline.php(139): call_user_func(Object(Closure), Object(Illuminate\Http\Request))
#7 [internal function]: Illuminate\Pipeline\Pipeline->Illuminate\Pipeline\{closure}(Object(Illuminate\Http\Request))
#8 C:\lrvmaterial\laravel\vendor\laravel\framework\src\Illuminate\Pipeline\Pipeline.php(103): call_user_func(Object(Closure), Object(Illuminate\Http\Request))
#9 C:\lrvmaterial\laravel\vendor\laravel\framework\src\Illuminate\Routing\ControllerDispatcher.php(114): Illuminate\Pipeline\Pipeline->then(Object(Closure))
#10 C:\lrvmaterial\laravel\vendor\laravel\framework\src\Illuminate\Routing\ControllerDispatcher.php(69): Illuminate\Routing\ControllerDispatcher->callWithinStack(Object(App\Http\Controllers\CirculationController), Object(Illuminate\Routing\Route), Object(Illuminate\Http\Request), 'returnPublicati...')
#11 C:\lrvmaterial\laravel\vendor\laravel\framework\src\Illuminate\Routing\Route.php(203): Illuminate\Routing\ControllerDispatcher->dispatch(Object(Illuminate\Routing\Route), Object(Illuminate\Http\Request), 'App\\Http\\Contro...', 'returnPublicati...')
#12 C:\lrvmaterial\laravel\vendor\laravel\framework\src\Illuminate\Routing\Route.php(134): Illuminate\Routing\Route->runWithCustomDispatcher(Object(Illuminate\Http\Request))
#13 C:\lrvmaterial\laravel\vendor\laravel\framework\src\Illuminate\Routing\Router.php(712): Illuminate\Routing\Route->run(Object(Illuminate\Http\Request))
#14 [internal function]: Illuminate\Routing\Router->Illuminate\Routing\{closure}(Object(Illuminate\Http\Request))
#15 C:\lrvmaterial\laravel\vendor\laravel\framework\src\Illuminate\Pipeline\Pipeline.php(139): call_user_func(Object(Closure), Object(Illuminate\Http\Request))
#16 C:\lrvmaterial\laravel\app\Http\Middleware\Authorization.php(26): Illuminate\Pipeline\Pipeline->Illuminate\Pipeline\{closure}(Object(Illuminate\Http\Request))
#17 [internal function]: App\Http\Middleware\Authorization->handle(Object(Illuminate\Http\Request), Object(Closure))
#18 C:\lrvmaterial\laravel\vendor\laravel\framework\src\Illuminate\Pipeline\Pipeline.php(124): call_user_func_array(Array, Array)
#19 C:\lrvmaterial\laravel\app\Http\Middleware\Authenticate.php(45): Illuminate\Pipeline\Pipeline->Illuminate\Pipeline\{closure}(Object(Illuminate\Http\Request))
#20 [internal function]: App\Http\Middleware\Authenticate->handle(Object(Illuminate\Http\Request), Object(Closure))
#21 C:\lrvmaterial\laravel\vendor\laravel\framework\src\Illuminate\Pipeline\Pipeline.php(124): call_user_func_array(Array, Array)
#22 [internal function]: Illuminate\Pipeline\Pipeline->Illuminate\Pipeline\{closure}(Object(Illuminate\Http\Request))
#23 C:\lrvmaterial\laravel\vendor\laravel\framework\src\Illuminate\Pipeline\Pipeline.php(103): call_user_func(Object(Closure), Object(Illuminate\Http\Request))
#24 C:\lrvmaterial\laravel\vendor\laravel\framework\src\Illuminate\Routing\Router.php(714): Illuminate\Pipeline\Pipeline->then(Object(Closure))
#25 C:\lrvmaterial\laravel\vendor\laravel\framework\src\Illuminate\Routing\Router.php(679): Illuminate\Routing\Router->runRouteWithinStack(Object(Illuminate\Routing\Route), Object(Illuminate\Http\Request))
#26 C:\lrvmaterial\laravel\vendor\laravel\framework\src\Illuminate\Routing\Router.php(639): Illuminate\Routing\Router->dispatchToRoute(Object(Illuminate\Http\Request))
#27 C:\lrvmaterial\laravel\vendor\laravel\framework\src\Illuminate\Foundation\Http\Kernel.php(236): Illuminate\Routing\Router->dispatch(Object(Illuminate\Http\Request))
#28 [internal function]: Illuminate\Foundation\Http\Kernel->Illuminate\Foundation\Http\{closure}(Object(Illuminate\Http\Request))
#29 C:\lrvmaterial\laravel\vendor\laravel\framework\src\Illuminate\Pipeline\Pipeline.php(139): call_user_func(Object(Closure), Object(Illuminate\Http\Request))
#30 C:\lrvmaterial\laravel\vendor\laravel\framework\src\Illuminate\Foundation\Http\Middleware\VerifyCsrfToken.php(50): Illuminate\Pipeline\Pipeline->Illuminate\Pipeline\{closure}(Object(Illuminate\Http\Request))
#31 [internal function]: Illuminate\Foundation\Http\Middleware\VerifyCsrfToken->handle(Object(Illuminate\Http\Request), Object(Closure))
#32 C:\lrvmaterial\laravel\vendor\laravel\framework\src\Illuminate\Pipeline\Pipeline.php(124): call_user_func_array(Array, Array)
#33 C:\lrvmaterial\laravel\vendor\laravel\framework\src\Illuminate\View\Middleware\ShareErrorsFromSession.php(49): Illuminate\Pipeline\Pipeline->Illuminate\Pipeline\{closure}(Object(Illuminate\Http\Request))
#34 [internal function]: Illuminate\View\Middleware\ShareErrorsFromSession->handle(Object(Illuminate\Http\Request), Object(Closure))
#35 C:\lrvmaterial\laravel\vendor\laravel\framework\src\Illuminate\Pipeline\Pipeline.php(124): call_user_func_array(Array, Array)
#36 C:\lrvmaterial\laravel\vendor\laravel\framework\src\Illuminate\Session\Middleware\StartSession.php(62): Illuminate\Pipeline\Pipeline->Illuminate\Pipeline\{closure}(Object(Illuminate\Http\Request))
#37 [internal function]: Illuminate\Session\Middleware\StartSession->handle(Object(Illuminate\Http\Request), Object(Closure))
#38 C:\lrvmaterial\laravel\vendor\laravel\framework\src\Illuminate\Pipeline\Pipeline.php(124): call_user_func_array(Array, Array)
#39 C:\lrvmaterial\laravel\vendor\laravel\framework\src\Illuminate\Cookie\Middleware\AddQueuedCookiesToResponse.php(37): Illuminate\Pipeline\Pipeline->Illuminate\Pipeline\{closure}(Object(Illuminate\Http\Request))
#40 [internal function]: Illuminate\Cookie\Middleware\AddQueuedCookiesToResponse->handle(Object(Illuminate\Http\Request), Object(Closure))
#41 C:\lrvmaterial\laravel\vendor\laravel\framework\src\Illuminate\Pipeline\Pipeline.php(124): call_user_func_array(Array, Array)
#42 C:\lrvmaterial\laravel\vendor\laravel\framework\src\Illuminate\Cookie\Middleware\EncryptCookies.php(59): Illuminate\Pipeline\Pipeline->Illuminate\Pipeline\{closure}(Object(Illuminate\Http\Request))
#43 [internal function]: Illuminate\Cookie\Middleware\EncryptCookies->handle(Object(Illuminate\Http\Request), Object(Closure))
#44 C:\lrvmaterial\laravel\vendor\laravel\framework\src\Illuminate\Pipeline\Pipeline.php(124): call_user_func_array(Array, Array)
#45 C:\lrvmaterial\laravel\vendor\laravel\framework\src\Illuminate\Foundation\Http\Middleware\CheckForMaintenanceMode.php(42): Illuminate\Pipeline\Pipeline->Illuminate\Pipeline\{closure}(Object(Illuminate\Http\Request))
#46 [internal function]: Illuminate\Foundation\Http\Middleware\CheckForMaintenanceMode->handle(Object(Illuminate\Http\Request), Object(Closure))
#47 C:\lrvmaterial\laravel\vendor\laravel\framework\src\Illuminate\Pipeline\Pipeline.php(124): call_user_func_array(Array, Array)
#48 [internal function]: Illuminate\Pipeline\Pipeline->Illuminate\Pipeline\{closure}(Object(Illuminate\Http\Request))
#49 C:\lrvmaterial\laravel\vendor\laravel\framework\src\Illuminate\Pipeline\Pipeline.php(103): call_user_func(Object(Closure), Object(Illuminate\Http\Request))
#50 C:\lrvmaterial\laravel\vendor\laravel\framework\src\Illuminate\Foundation\Http\Kernel.php(122): Illuminate\Pipeline\Pipeline->then(Object(Closure))
#51 C:\lrvmaterial\laravel\vendor\laravel\framework\src\Illuminate\Foundation\Http\Kernel.php(87): Illuminate\Foundation\Http\Kernel->sendRequestThroughRouter(Object(Illuminate\Http\Request))
#52 C:\lrvmaterial\laravel\app\Http\Kernel.php(37): Illuminate\Foundation\Http\Kernel->handle(Object(Illuminate\Http\Request))
#53 C:\lrvmaterial\laravel\public\index.php(54): App\Http\Kernel->handle(Object(Illuminate\Http\Request))
#54 C:\lrvmaterial\laravel\server.php(21): require_once('C:\\lrvmaterial\\...')
#55 {main}  
[2015-11-15 15:47:44] production.ERROR: exception 'ErrorException' with message 'Undefined offset: 0' in C:\lrvmaterial\laravel\app\Http\Controllers\CirculationController.php:90
Stack trace:
#0 C:\lrvmaterial\laravel\app\Http\Controllers\CirculationController.php(90): Illuminate\Foundation\Bootstrap\HandleExceptions->handleError(8, 'Undefined offse...', 'C:\\lrvmaterial\\...', 90, Array)
#1 [internal function]: App\Http\Controllers\CirculationController->returnPublication(Object(Illuminate\Http\Request))
#2 C:\lrvmaterial\laravel\vendor\laravel\framework\src\Illuminate\Routing\Controller.php(256): call_user_func_array(Array, Array)
#3 C:\lrvmaterial\laravel\vendor\laravel\framework\src\Illuminate\Routing\ControllerDispatcher.php(164): Illuminate\Routing\Controller->callAction('returnPublicati...', Array)
#4 C:\lrvmaterial\laravel\vendor\laravel\framework\src\Illuminate\Routing\ControllerDispatcher.php(112): Illuminate\Routing\ControllerDispatcher->call(Object(App\Http\Controllers\CirculationController), Object(Illuminate\Routing\Route), 'returnPublicati...')
#5 [internal function]: Illuminate\Routing\ControllerDispatcher->Illuminate\Routing\{closure}(Object(Illuminate\Http\Request))
#6 C:\lrvmaterial\laravel\vendor\laravel\framework\src\Illuminate\Pipeline\Pipeline.php(139): call_user_func(Object(Closure), Object(Illuminate\Http\Request))
#7 [internal function]: Illuminate\Pipeline\Pipeline->Illuminate\Pipeline\{closure}(Object(Illuminate\Http\Request))
#8 C:\lrvmaterial\laravel\vendor\laravel\framework\src\Illuminate\Pipeline\Pipeline.php(103): call_user_func(Object(Closure), Object(Illuminate\Http\Request))
#9 C:\lrvmaterial\laravel\vendor\laravel\framework\src\Illuminate\Routing\ControllerDispatcher.php(114): Illuminate\Pipeline\Pipeline->then(Object(Closure))
#10 C:\lrvmaterial\laravel\vendor\laravel\framework\src\Illuminate\Routing\ControllerDispatcher.php(69): Illuminate\Routing\ControllerDispatcher->callWithinStack(Object(App\Http\Controllers\CirculationController), Object(Illuminate\Routing\Route), Object(Illuminate\Http\Request), 'returnPublicati...')
#11 C:\lrvmaterial\laravel\vendor\laravel\framework\src\Illuminate\Routing\Route.php(203): Illuminate\Routing\ControllerDispatcher->dispatch(Object(Illuminate\Routing\Route), Object(Illuminate\Http\Request), 'App\\Http\\Contro...', 'returnPublicati...')
#12 C:\lrvmaterial\laravel\vendor\laravel\framework\src\Illuminate\Routing\Route.php(134): Illuminate\Routing\Route->runWithCustomDispatcher(Object(Illuminate\Http\Request))
#13 C:\lrvmaterial\laravel\vendor\laravel\framework\src\Illuminate\Routing\Router.php(712): Illuminate\Routing\Route->run(Object(Illuminate\Http\Request))
#14 [internal function]: Illuminate\Routing\Router->Illuminate\Routing\{closure}(Object(Illuminate\Http\Request))
#15 C:\lrvmaterial\laravel\vendor\laravel\framework\src\Illuminate\Pipeline\Pipeline.php(139): call_user_func(Object(Closure), Object(Illuminate\Http\Request))
#16 C:\lrvmaterial\laravel\app\Http\Middleware\Authorization.php(26): Illuminate\Pipeline\Pipeline->Illuminate\Pipeline\{closure}(Object(Illuminate\Http\Request))
#17 [internal function]: App\Http\Middleware\Authorization->handle(Object(Illuminate\Http\Request), Object(Closure))
#18 C:\lrvmaterial\laravel\vendor\laravel\framework\src\Illuminate\Pipeline\Pipeline.php(124): call_user_func_array(Array, Array)
#19 C:\lrvmaterial\laravel\app\Http\Middleware\Authenticate.php(45): Illuminate\Pipeline\Pipeline->Illuminate\Pipeline\{closure}(Object(Illuminate\Http\Request))
#20 [internal function]: App\Http\Middleware\Authenticate->handle(Object(Illuminate\Http\Request), Object(Closure))
#21 C:\lrvmaterial\laravel\vendor\laravel\framework\src\Illuminate\Pipeline\Pipeline.php(124): call_user_func_array(Array, Array)
#22 [internal function]: Illuminate\Pipeline\Pipeline->Illuminate\Pipeline\{closure}(Object(Illuminate\Http\Request))
#23 C:\lrvmaterial\laravel\vendor\laravel\framework\src\Illuminate\Pipeline\Pipeline.php(103): call_user_func(Object(Closure), Object(Illuminate\Http\Request))
#24 C:\lrvmaterial\laravel\vendor\laravel\framework\src\Illuminate\Routing\Router.php(714): Illuminate\Pipeline\Pipeline->then(Object(Closure))
#25 C:\lrvmaterial\laravel\vendor\laravel\framework\src\Illuminate\Routing\Router.php(679): Illuminate\Routing\Router->runRouteWithinStack(Object(Illuminate\Routing\Route), Object(Illuminate\Http\Request))
#26 C:\lrvmaterial\laravel\vendor\laravel\framework\src\Illuminate\Routing\Router.php(639): Illuminate\Routing\Router->dispatchToRoute(Object(Illuminate\Http\Request))
#27 C:\lrvmaterial\laravel\vendor\laravel\framework\src\Illuminate\Foundation\Http\Kernel.php(236): Illuminate\Routing\Router->dispatch(Object(Illuminate\Http\Request))
#28 [internal function]: Illuminate\Foundation\Http\Kernel->Illuminate\Foundation\Http\{closure}(Object(Illuminate\Http\Request))
#29 C:\lrvmaterial\laravel\vendor\laravel\framework\src\Illuminate\Pipeline\Pipeline.php(139): call_user_func(Object(Closure), Object(Illuminate\Http\Request))
#30 C:\lrvmaterial\laravel\vendor\laravel\framework\src\Illuminate\Foundation\Http\Middleware\VerifyCsrfToken.php(50): Illuminate\Pipeline\Pipeline->Illuminate\Pipeline\{closure}(Object(Illuminate\Http\Request))
#31 [internal function]: Illuminate\Foundation\Http\Middleware\VerifyCsrfToken->handle(Object(Illuminate\Http\Request), Object(Closure))
#32 C:\lrvmaterial\laravel\vendor\laravel\framework\src\Illuminate\Pipeline\Pipeline.php(124): call_user_func_array(Array, Array)
#33 C:\lrvmaterial\laravel\vendor\laravel\framework\src\Illuminate\View\Middleware\ShareErrorsFromSession.php(49): Illuminate\Pipeline\Pipeline->Illuminate\Pipeline\{closure}(Object(Illuminate\Http\Request))
#34 [internal function]: Illuminate\View\Middleware\ShareErrorsFromSession->handle(Object(Illuminate\Http\Request), Object(Closure))
#35 C:\lrvmaterial\laravel\vendor\laravel\framework\src\Illuminate\Pipeline\Pipeline.php(124): call_user_func_array(Array, Array)
#36 C:\lrvmaterial\laravel\vendor\laravel\framework\src\Illuminate\Session\Middleware\StartSession.php(62): Illuminate\Pipeline\Pipeline->Illuminate\Pipeline\{closure}(Object(Illuminate\Http\Request))
#37 [internal function]: Illuminate\Session\Middleware\StartSession->handle(Object(Illuminate\Http\Request), Object(Closure))
#38 C:\lrvmaterial\laravel\vendor\laravel\framework\src\Illuminate\Pipeline\Pipeline.php(124): call_user_func_array(Array, Array)
#39 C:\lrvmaterial\laravel\vendor\laravel\framework\src\Illuminate\Cookie\Middleware\AddQueuedCookiesToResponse.php(37): Illuminate\Pipeline\Pipeline->Illuminate\Pipeline\{closure}(Object(Illuminate\Http\Request))
#40 [internal function]: Illuminate\Cookie\Middleware\AddQueuedCookiesToResponse->handle(Object(Illuminate\Http\Request), Object(Closure))
#41 C:\lrvmaterial\laravel\vendor\laravel\framework\src\Illuminate\Pipeline\Pipeline.php(124): call_user_func_array(Array, Array)
#42 C:\lrvmaterial\laravel\vendor\laravel\framework\src\Illuminate\Cookie\Middleware\EncryptCookies.php(59): Illuminate\Pipeline\Pipeline->Illuminate\Pipeline\{closure}(Object(Illuminate\Http\Request))
#43 [internal function]: Illuminate\Cookie\Middleware\EncryptCookies->handle(Object(Illuminate\Http\Request), Object(Closure))
#44 C:\lrvmaterial\laravel\vendor\laravel\framework\src\Illuminate\Pipeline\Pipeline.php(124): call_user_func_array(Array, Array)
#45 C:\lrvmaterial\laravel\vendor\laravel\framework\src\Illuminate\Foundation\Http\Middleware\CheckForMaintenanceMode.php(42): Illuminate\Pipeline\Pipeline->Illuminate\Pipeline\{closure}(Object(Illuminate\Http\Request))
#46 [internal function]: Illuminate\Foundation\Http\Middleware\CheckForMaintenanceMode->handle(Object(Illuminate\Http\Request), Object(Closure))
#47 C:\lrvmaterial\laravel\vendor\laravel\framework\src\Illuminate\Pipeline\Pipeline.php(124): call_user_func_array(Array, Array)
#48 [internal function]: Illuminate\Pipeline\Pipeline->Illuminate\Pipeline\{closure}(Object(Illuminate\Http\Request))
#49 C:\lrvmaterial\laravel\vendor\laravel\framework\src\Illuminate\Pipeline\Pipeline.php(103): call_user_func(Object(Closure), Object(Illuminate\Http\Request))
#50 C:\lrvmaterial\laravel\vendor\laravel\framework\src\Illuminate\Foundation\Http\Kernel.php(122): Illuminate\Pipeline\Pipeline->then(Object(Closure))
#51 C:\lrvmaterial\laravel\vendor\laravel\framework\src\Illuminate\Foundation\Http\Kernel.php(87): Illuminate\Foundation\Http\Kernel->sendRequestThroughRouter(Object(Illuminate\Http\Request))
#52 C:\lrvmaterial\laravel\app\Http\Kernel.php(37): Illuminate\Foundation\Http\Kernel->handle(Object(Illuminate\Http\Request))
#53 C:\lrvmaterial\laravel\public\index.php(54): App\Http\Kernel->handle(Object(Illuminate\Http\Request))
#54 C:\lrvmaterial\laravel\server.php(21): require_once('C:\\lrvmaterial\\...')
#55 {main}  
[2015-11-15 15:47:57] production.ERROR: exception 'ErrorException' with message 'Undefined offset: 0' in C:\lrvmaterial\laravel\app\Http\Controllers\CirculationController.php:90
Stack trace:
#0 C:\lrvmaterial\laravel\app\Http\Controllers\CirculationController.php(90): Illuminate\Foundation\Bootstrap\HandleExceptions->handleError(8, 'Undefined offse...', 'C:\\lrvmaterial\\...', 90, Array)
#1 [internal function]: App\Http\Controllers\CirculationController->returnPublication(Object(Illuminate\Http\Request))
#2 C:\lrvmaterial\laravel\vendor\laravel\framework\src\Illuminate\Routing\Controller.php(256): call_user_func_array(Array, Array)
#3 C:\lrvmaterial\laravel\vendor\laravel\framework\src\Illuminate\Routing\ControllerDispatcher.php(164): Illuminate\Routing\Controller->callAction('returnPublicati...', Array)
#4 C:\lrvmaterial\laravel\vendor\laravel\framework\src\Illuminate\Routing\ControllerDispatcher.php(112): Illuminate\Routing\ControllerDispatcher->call(Object(App\Http\Controllers\CirculationController), Object(Illuminate\Routing\Route), 'returnPublicati...')
#5 [internal function]: Illuminate\Routing\ControllerDispatcher->Illuminate\Routing\{closure}(Object(Illuminate\Http\Request))
#6 C:\lrvmaterial\laravel\vendor\laravel\framework\src\Illuminate\Pipeline\Pipeline.php(139): call_user_func(Object(Closure), Object(Illuminate\Http\Request))
#7 [internal function]: Illuminate\Pipeline\Pipeline->Illuminate\Pipeline\{closure}(Object(Illuminate\Http\Request))
#8 C:\lrvmaterial\laravel\vendor\laravel\framework\src\Illuminate\Pipeline\Pipeline.php(103): call_user_func(Object(Closure), Object(Illuminate\Http\Request))
#9 C:\lrvmaterial\laravel\vendor\laravel\framework\src\Illuminate\Routing\ControllerDispatcher.php(114): Illuminate\Pipeline\Pipeline->then(Object(Closure))
#10 C:\lrvmaterial\laravel\vendor\laravel\framework\src\Illuminate\Routing\ControllerDispatcher.php(69): Illuminate\Routing\ControllerDispatcher->callWithinStack(Object(App\Http\Controllers\CirculationController), Object(Illuminate\Routing\Route), Object(Illuminate\Http\Request), 'returnPublicati...')
#11 C:\lrvmaterial\laravel\vendor\laravel\framework\src\Illuminate\Routing\Route.php(203): Illuminate\Routing\ControllerDispatcher->dispatch(Object(Illuminate\Routing\Route), Object(Illuminate\Http\Request), 'App\\Http\\Contro...', 'returnPublicati...')
#12 C:\lrvmaterial\laravel\vendor\laravel\framework\src\Illuminate\Routing\Route.php(134): Illuminate\Routing\Route->runWithCustomDispatcher(Object(Illuminate\Http\Request))
#13 C:\lrvmaterial\laravel\vendor\laravel\framework\src\Illuminate\Routing\Router.php(712): Illuminate\Routing\Route->run(Object(Illuminate\Http\Request))
#14 [internal function]: Illuminate\Routing\Router->Illuminate\Routing\{closure}(Object(Illuminate\Http\Request))
#15 C:\lrvmaterial\laravel\vendor\laravel\framework\src\Illuminate\Pipeline\Pipeline.php(139): call_user_func(Object(Closure), Object(Illuminate\Http\Request))
#16 C:\lrvmaterial\laravel\app\Http\Middleware\Authorization.php(26): Illuminate\Pipeline\Pipeline->Illuminate\Pipeline\{closure}(Object(Illuminate\Http\Request))
#17 [internal function]: App\Http\Middleware\Authorization->handle(Object(Illuminate\Http\Request), Object(Closure))
#18 C:\lrvmaterial\laravel\vendor\laravel\framework\src\Illuminate\Pipeline\Pipeline.php(124): call_user_func_array(Array, Array)
#19 C:\lrvmaterial\laravel\app\Http\Middleware\Authenticate.php(45): Illuminate\Pipeline\Pipeline->Illuminate\Pipeline\{closure}(Object(Illuminate\Http\Request))
#20 [internal function]: App\Http\Middleware\Authenticate->handle(Object(Illuminate\Http\Request), Object(Closure))
#21 C:\lrvmaterial\laravel\vendor\laravel\framework\src\Illuminate\Pipeline\Pipeline.php(124): call_user_func_array(Array, Array)
#22 [internal function]: Illuminate\Pipeline\Pipeline->Illuminate\Pipeline\{closure}(Object(Illuminate\Http\Request))
#23 C:\lrvmaterial\laravel\vendor\laravel\framework\src\Illuminate\Pipeline\Pipeline.php(103): call_user_func(Object(Closure), Object(Illuminate\Http\Request))
#24 C:\lrvmaterial\laravel\vendor\laravel\framework\src\Illuminate\Routing\Router.php(714): Illuminate\Pipeline\Pipeline->then(Object(Closure))
#25 C:\lrvmaterial\laravel\vendor\laravel\framework\src\Illuminate\Routing\Router.php(679): Illuminate\Routing\Router->runRouteWithinStack(Object(Illuminate\Routing\Route), Object(Illuminate\Http\Request))
#26 C:\lrvmaterial\laravel\vendor\laravel\framework\src\Illuminate\Routing\Router.php(639): Illuminate\Routing\Router->dispatchToRoute(Object(Illuminate\Http\Request))
#27 C:\lrvmaterial\laravel\vendor\laravel\framework\src\Illuminate\Foundation\Http\Kernel.php(236): Illuminate\Routing\Router->dispatch(Object(Illuminate\Http\Request))
#28 [internal function]: Illuminate\Foundation\Http\Kernel->Illuminate\Foundation\Http\{closure}(Object(Illuminate\Http\Request))
#29 C:\lrvmaterial\laravel\vendor\laravel\framework\src\Illuminate\Pipeline\Pipeline.php(139): call_user_func(Object(Closure), Object(Illuminate\Http\Request))
#30 C:\lrvmaterial\laravel\vendor\laravel\framework\src\Illuminate\Foundation\Http\Middleware\VerifyCsrfToken.php(50): Illuminate\Pipeline\Pipeline->Illuminate\Pipeline\{closure}(Object(Illuminate\Http\Request))
#31 [internal function]: Illuminate\Foundation\Http\Middleware\VerifyCsrfToken->handle(Object(Illuminate\Http\Request), Object(Closure))
#32 C:\lrvmaterial\laravel\vendor\laravel\framework\src\Illuminate\Pipeline\Pipeline.php(124): call_user_func_array(Array, Array)
#33 C:\lrvmaterial\laravel\vendor\laravel\framework\src\Illuminate\View\Middleware\ShareErrorsFromSession.php(49): Illuminate\Pipeline\Pipeline->Illuminate\Pipeline\{closure}(Object(Illuminate\Http\Request))
#34 [internal function]: Illuminate\View\Middleware\ShareErrorsFromSession->handle(Object(Illuminate\Http\Request), Object(Closure))
#35 C:\lrvmaterial\laravel\vendor\laravel\framework\src\Illuminate\Pipeline\Pipeline.php(124): call_user_func_array(Array, Array)
#36 C:\lrvmaterial\laravel\vendor\laravel\framework\src\Illuminate\Session\Middleware\StartSession.php(62): Illuminate\Pipeline\Pipeline->Illuminate\Pipeline\{closure}(Object(Illuminate\Http\Request))
#37 [internal function]: Illuminate\Session\Middleware\StartSession->handle(Object(Illuminate\Http\Request), Object(Closure))
#38 C:\lrvmaterial\laravel\vendor\laravel\framework\src\Illuminate\Pipeline\Pipeline.php(124): call_user_func_array(Array, Array)
#39 C:\lrvmaterial\laravel\vendor\laravel\framework\src\Illuminate\Cookie\Middleware\AddQueuedCookiesToResponse.php(37): Illuminate\Pipeline\Pipeline->Illuminate\Pipeline\{closure}(Object(Illuminate\Http\Request))
#40 [internal function]: Illuminate\Cookie\Middleware\AddQueuedCookiesToResponse->handle(Object(Illuminate\Http\Request), Object(Closure))
#41 C:\lrvmaterial\laravel\vendor\laravel\framework\src\Illuminate\Pipeline\Pipeline.php(124): call_user_func_array(Array, Array)
#42 C:\lrvmaterial\laravel\vendor\laravel\framework\src\Illuminate\Cookie\Middleware\EncryptCookies.php(59): Illuminate\Pipeline\Pipeline->Illuminate\Pipeline\{closure}(Object(Illuminate\Http\Request))
#43 [internal function]: Illuminate\Cookie\Middleware\EncryptCookies->handle(Object(Illuminate\Http\Request), Object(Closure))
#44 C:\lrvmaterial\laravel\vendor\laravel\framework\src\Illuminate\Pipeline\Pipeline.php(124): call_user_func_array(Array, Array)
#45 C:\lrvmaterial\laravel\vendor\laravel\framework\src\Illuminate\Foundation\Http\Middleware\CheckForMaintenanceMode.php(42): Illuminate\Pipeline\Pipeline->Illuminate\Pipeline\{closure}(Object(Illuminate\Http\Request))
#46 [internal function]: Illuminate\Foundation\Http\Middleware\CheckForMaintenanceMode->handle(Object(Illuminate\Http\Request), Object(Closure))
#47 C:\lrvmaterial\laravel\vendor\laravel\framework\src\Illuminate\Pipeline\Pipeline.php(124): call_user_func_array(Array, Array)
#48 [internal function]: Illuminate\Pipeline\Pipeline->Illuminate\Pipeline\{closure}(Object(Illuminate\Http\Request))
#49 C:\lrvmaterial\laravel\vendor\laravel\framework\src\Illuminate\Pipeline\Pipeline.php(103): call_user_func(Object(Closure), Object(Illuminate\Http\Request))
#50 C:\lrvmaterial\laravel\vendor\laravel\framework\src\Illuminate\Foundation\Http\Kernel.php(122): Illuminate\Pipeline\Pipeline->then(Object(Closure))
#51 C:\lrvmaterial\laravel\vendor\laravel\framework\src\Illuminate\Foundation\Http\Kernel.php(87): Illuminate\Foundation\Http\Kernel->sendRequestThroughRouter(Object(Illuminate\Http\Request))
#52 C:\lrvmaterial\laravel\app\Http\Kernel.php(37): Illuminate\Foundation\Http\Kernel->handle(Object(Illuminate\Http\Request))
#53 C:\lrvmaterial\laravel\public\index.php(54): App\Http\Kernel->handle(Object(Illuminate\Http\Request))
#54 C:\lrvmaterial\laravel\server.php(21): require_once('C:\\lrvmaterial\\...')
#55 {main}  
[2015-11-15 15:54:49] production.ERROR: exception 'ErrorException' with message 'Undefined offset: 0' in C:\lrvmaterial\laravel\app\Http\Controllers\CirculationController.php:90
Stack trace:
#0 C:\lrvmaterial\laravel\app\Http\Controllers\CirculationController.php(90): Illuminate\Foundation\Bootstrap\HandleExceptions->handleError(8, 'Undefined offse...', 'C:\\lrvmaterial\\...', 90, Array)
#1 [internal function]: App\Http\Controllers\CirculationController->returnPublication(Object(Illuminate\Http\Request))
#2 C:\lrvmaterial\laravel\vendor\laravel\framework\src\Illuminate\Routing\Controller.php(256): call_user_func_array(Array, Array)
#3 C:\lrvmaterial\laravel\vendor\laravel\framework\src\Illuminate\Routing\ControllerDispatcher.php(164): Illuminate\Routing\Controller->callAction('returnPublicati...', Array)
#4 C:\lrvmaterial\laravel\vendor\laravel\framework\src\Illuminate\Routing\ControllerDispatcher.php(112): Illuminate\Routing\ControllerDispatcher->call(Object(App\Http\Controllers\CirculationController), Object(Illuminate\Routing\Route), 'returnPublicati...')
#5 [internal function]: Illuminate\Routing\ControllerDispatcher->Illuminate\Routing\{closure}(Object(Illuminate\Http\Request))
#6 C:\lrvmaterial\laravel\vendor\laravel\framework\src\Illuminate\Pipeline\Pipeline.php(139): call_user_func(Object(Closure), Object(Illuminate\Http\Request))
#7 [internal function]: Illuminate\Pipeline\Pipeline->Illuminate\Pipeline\{closure}(Object(Illuminate\Http\Request))
#8 C:\lrvmaterial\laravel\vendor\laravel\framework\src\Illuminate\Pipeline\Pipeline.php(103): call_user_func(Object(Closure), Object(Illuminate\Http\Request))
#9 C:\lrvmaterial\laravel\vendor\laravel\framework\src\Illuminate\Routing\ControllerDispatcher.php(114): Illuminate\Pipeline\Pipeline->then(Object(Closure))
#10 C:\lrvmaterial\laravel\vendor\laravel\framework\src\Illuminate\Routing\ControllerDispatcher.php(69): Illuminate\Routing\ControllerDispatcher->callWithinStack(Object(App\Http\Controllers\CirculationController), Object(Illuminate\Routing\Route), Object(Illuminate\Http\Request), 'returnPublicati...')
#11 C:\lrvmaterial\laravel\vendor\laravel\framework\src\Illuminate\Routing\Route.php(203): Illuminate\Routing\ControllerDispatcher->dispatch(Object(Illuminate\Routing\Route), Object(Illuminate\Http\Request), 'App\\Http\\Contro...', 'returnPublicati...')
#12 C:\lrvmaterial\laravel\vendor\laravel\framework\src\Illuminate\Routing\Route.php(134): Illuminate\Routing\Route->runWithCustomDispatcher(Object(Illuminate\Http\Request))
#13 C:\lrvmaterial\laravel\vendor\laravel\framework\src\Illuminate\Routing\Router.php(712): Illuminate\Routing\Route->run(Object(Illuminate\Http\Request))
#14 [internal function]: Illuminate\Routing\Router->Illuminate\Routing\{closure}(Object(Illuminate\Http\Request))
#15 C:\lrvmaterial\laravel\vendor\laravel\framework\src\Illuminate\Pipeline\Pipeline.php(139): call_user_func(Object(Closure), Object(Illuminate\Http\Request))
#16 C:\lrvmaterial\laravel\app\Http\Middleware\Authorization.php(26): Illuminate\Pipeline\Pipeline->Illuminate\Pipeline\{closure}(Object(Illuminate\Http\Request))
#17 [internal function]: App\Http\Middleware\Authorization->handle(Object(Illuminate\Http\Request), Object(Closure))
#18 C:\lrvmaterial\laravel\vendor\laravel\framework\src\Illuminate\Pipeline\Pipeline.php(124): call_user_func_array(Array, Array)
#19 C:\lrvmaterial\laravel\app\Http\Middleware\Authenticate.php(45): Illuminate\Pipeline\Pipeline->Illuminate\Pipeline\{closure}(Object(Illuminate\Http\Request))
#20 [internal function]: App\Http\Middleware\Authenticate->handle(Object(Illuminate\Http\Request), Object(Closure))
#21 C:\lrvmaterial\laravel\vendor\laravel\framework\src\Illuminate\Pipeline\Pipeline.php(124): call_user_func_array(Array, Array)
#22 [internal function]: Illuminate\Pipeline\Pipeline->Illuminate\Pipeline\{closure}(Object(Illuminate\Http\Request))
#23 C:\lrvmaterial\laravel\vendor\laravel\framework\src\Illuminate\Pipeline\Pipeline.php(103): call_user_func(Object(Closure), Object(Illuminate\Http\Request))
#24 C:\lrvmaterial\laravel\vendor\laravel\framework\src\Illuminate\Routing\Router.php(714): Illuminate\Pipeline\Pipeline->then(Object(Closure))
#25 C:\lrvmaterial\laravel\vendor\laravel\framework\src\Illuminate\Routing\Router.php(679): Illuminate\Routing\Router->runRouteWithinStack(Object(Illuminate\Routing\Route), Object(Illuminate\Http\Request))
#26 C:\lrvmaterial\laravel\vendor\laravel\framework\src\Illuminate\Routing\Router.php(639): Illuminate\Routing\Router->dispatchToRoute(Object(Illuminate\Http\Request))
#27 C:\lrvmaterial\laravel\vendor\laravel\framework\src\Illuminate\Foundation\Http\Kernel.php(236): Illuminate\Routing\Router->dispatch(Object(Illuminate\Http\Request))
#28 [internal function]: Illuminate\Foundation\Http\Kernel->Illuminate\Foundation\Http\{closure}(Object(Illuminate\Http\Request))
#29 C:\lrvmaterial\laravel\vendor\laravel\framework\src\Illuminate\Pipeline\Pipeline.php(139): call_user_func(Object(Closure), Object(Illuminate\Http\Request))
#30 C:\lrvmaterial\laravel\vendor\laravel\framework\src\Illuminate\Foundation\Http\Middleware\VerifyCsrfToken.php(50): Illuminate\Pipeline\Pipeline->Illuminate\Pipeline\{closure}(Object(Illuminate\Http\Request))
#31 [internal function]: Illuminate\Foundation\Http\Middleware\VerifyCsrfToken->handle(Object(Illuminate\Http\Request), Object(Closure))
#32 C:\lrvmaterial\laravel\vendor\laravel\framework\src\Illuminate\Pipeline\Pipeline.php(124): call_user_func_array(Array, Array)
#33 C:\lrvmaterial\laravel\vendor\laravel\framework\src\Illuminate\View\Middleware\ShareErrorsFromSession.php(49): Illuminate\Pipeline\Pipeline->Illuminate\Pipeline\{closure}(Object(Illuminate\Http\Request))
#34 [internal function]: Illuminate\View\Middleware\ShareErrorsFromSession->handle(Object(Illuminate\Http\Request), Object(Closure))
#35 C:\lrvmaterial\laravel\vendor\laravel\framework\src\Illuminate\Pipeline\Pipeline.php(124): call_user_func_array(Array, Array)
#36 C:\lrvmaterial\laravel\vendor\laravel\framework\src\Illuminate\Session\Middleware\StartSession.php(62): Illuminate\Pipeline\Pipeline->Illuminate\Pipeline\{closure}(Object(Illuminate\Http\Request))
#37 [internal function]: Illuminate\Session\Middleware\StartSession->handle(Object(Illuminate\Http\Request), Object(Closure))
#38 C:\lrvmaterial\laravel\vendor\laravel\framework\src\Illuminate\Pipeline\Pipeline.php(124): call_user_func_array(Array, Array)
#39 C:\lrvmaterial\laravel\vendor\laravel\framework\src\Illuminate\Cookie\Middleware\AddQueuedCookiesToResponse.php(37): Illuminate\Pipeline\Pipeline->Illuminate\Pipeline\{closure}(Object(Illuminate\Http\Request))
#40 [internal function]: Illuminate\Cookie\Middleware\AddQueuedCookiesToResponse->handle(Object(Illuminate\Http\Request), Object(Closure))
#41 C:\lrvmaterial\laravel\vendor\laravel\framework\src\Illuminate\Pipeline\Pipeline.php(124): call_user_func_array(Array, Array)
#42 C:\lrvmaterial\laravel\vendor\laravel\framework\src\Illuminate\Cookie\Middleware\EncryptCookies.php(59): Illuminate\Pipeline\Pipeline->Illuminate\Pipeline\{closure}(Object(Illuminate\Http\Request))
#43 [internal function]: Illuminate\Cookie\Middleware\EncryptCookies->handle(Object(Illuminate\Http\Request), Object(Closure))
#44 C:\lrvmaterial\laravel\vendor\laravel\framework\src\Illuminate\Pipeline\Pipeline.php(124): call_user_func_array(Array, Array)
#45 C:\lrvmaterial\laravel\vendor\laravel\framework\src\Illuminate\Foundation\Http\Middleware\CheckForMaintenanceMode.php(42): Illuminate\Pipeline\Pipeline->Illuminate\Pipeline\{closure}(Object(Illuminate\Http\Request))
#46 [internal function]: Illuminate\Foundation\Http\Middleware\CheckForMaintenanceMode->handle(Object(Illuminate\Http\Request), Object(Closure))
#47 C:\lrvmaterial\laravel\vendor\laravel\framework\src\Illuminate\Pipeline\Pipeline.php(124): call_user_func_array(Array, Array)
#48 [internal function]: Illuminate\Pipeline\Pipeline->Illuminate\Pipeline\{closure}(Object(Illuminate\Http\Request))
#49 C:\lrvmaterial\laravel\vendor\laravel\framework\src\Illuminate\Pipeline\Pipeline.php(103): call_user_func(Object(Closure), Object(Illuminate\Http\Request))
#50 C:\lrvmaterial\laravel\vendor\laravel\framework\src\Illuminate\Foundation\Http\Kernel.php(122): Illuminate\Pipeline\Pipeline->then(Object(Closure))
#51 C:\lrvmaterial\laravel\vendor\laravel\framework\src\Illuminate\Foundation\Http\Kernel.php(87): Illuminate\Foundation\Http\Kernel->sendRequestThroughRouter(Object(Illuminate\Http\Request))
#52 C:\lrvmaterial\laravel\app\Http\Kernel.php(37): Illuminate\Foundation\Http\Kernel->handle(Object(Illuminate\Http\Request))
#53 C:\lrvmaterial\laravel\public\index.php(54): App\Http\Kernel->handle(Object(Illuminate\Http\Request))
#54 C:\lrvmaterial\laravel\server.php(21): require_once('C:\\lrvmaterial\\...')
#55 {main}  
[2015-11-15 17:02:04] production.ERROR: exception 'PDOException' with message 'SQLSTATE[HY000] [2002] No connection could be made because the target machine actively refused it.
' in C:\lrvmaterial\laravel\vendor\laravel\framework\src\Illuminate\Database\Connectors\Connector.php:55
Stack trace:
#0 C:\lrvmaterial\laravel\vendor\laravel\framework\src\Illuminate\Database\Connectors\Connector.php(55): PDO->__construct('mysql:host=loca...', 'root', '', Array)
#1 C:\lrvmaterial\laravel\vendor\laravel\framework\src\Illuminate\Database\Connectors\MySqlConnector.php(22): Illuminate\Database\Connectors\Connector->createConnection('mysql:host=loca...', Array, Array)
#2 C:\lrvmaterial\laravel\vendor\laravel\framework\src\Illuminate\Database\Connectors\ConnectionFactory.php(60): Illuminate\Database\Connectors\MySqlConnector->connect(Array)
#3 C:\lrvmaterial\laravel\vendor\laravel\framework\src\Illuminate\Database\Connectors\ConnectionFactory.php(49): Illuminate\Database\Connectors\ConnectionFactory->createSingleConnection(Array)
#4 C:\lrvmaterial\laravel\vendor\laravel\framework\src\Illuminate\Database\DatabaseManager.php(175): Illuminate\Database\Connectors\ConnectionFactory->make(Array, 'mysql')
#5 C:\lrvmaterial\laravel\vendor\laravel\framework\src\Illuminate\Database\DatabaseManager.php(67): Illuminate\Database\DatabaseManager->makeConnection('mysql')
#6 C:\lrvmaterial\laravel\vendor\laravel\framework\src\Illuminate\Database\Eloquent\Model.php(3268): Illuminate\Database\DatabaseManager->connection(NULL)
#7 C:\lrvmaterial\laravel\vendor\laravel\framework\src\Illuminate\Database\Eloquent\Model.php(3234): Illuminate\Database\Eloquent\Model::resolveConnection(NULL)
#8 C:\lrvmaterial\laravel\vendor\laravel\framework\src\Illuminate\Database\Eloquent\Model.php(1914): Illuminate\Database\Eloquent\Model->getConnection()
#9 C:\lrvmaterial\laravel\vendor\laravel\framework\src\Illuminate\Database\Eloquent\Model.php(1857): Illuminate\Database\Eloquent\Model->newBaseQueryBuilder()
#10 C:\lrvmaterial\laravel\vendor\laravel\framework\src\Illuminate\Database\Eloquent\Model.php(1831): Illuminate\Database\Eloquent\Model->newQueryWithoutScopes()
#11 C:\lrvmaterial\laravel\vendor\laravel\framework\src\Illuminate\Auth\EloquentUserProvider.php(47): Illuminate\Database\Eloquent\Model->newQuery()
#12 C:\lrvmaterial\laravel\vendor\laravel\framework\src\Illuminate\Auth\Guard.php(151): Illuminate\Auth\EloquentUserProvider->retrieveById(1)
#13 C:\lrvmaterial\laravel\vendor\laravel\framework\src\Illuminate\Auth\Guard.php(112): Illuminate\Auth\Guard->user()
#14 C:\lrvmaterial\laravel\vendor\laravel\framework\src\Illuminate\Auth\Guard.php(122): Illuminate\Auth\Guard->check()
#15 C:\lrvmaterial\laravel\app\Http\Middleware\Authenticate.php(37): Illuminate\Auth\Guard->guest()
#16 [internal function]: App\Http\Middleware\Authenticate->handle(Object(Illuminate\Http\Request), Object(Closure))
#17 C:\lrvmaterial\laravel\vendor\laravel\framework\src\Illuminate\Pipeline\Pipeline.php(124): call_user_func_array(Array, Array)
#18 [internal function]: Illuminate\Pipeline\Pipeline->Illuminate\Pipeline\{closure}(Object(Illuminate\Http\Request))
#19 C:\lrvmaterial\laravel\vendor\laravel\framework\src\Illuminate\Pipeline\Pipeline.php(103): call_user_func(Object(Closure), Object(Illuminate\Http\Request))
#20 C:\lrvmaterial\laravel\vendor\laravel\framework\src\Illuminate\Routing\Router.php(714): Illuminate\Pipeline\Pipeline->then(Object(Closure))
#21 C:\lrvmaterial\laravel\vendor\laravel\framework\src\Illuminate\Routing\Router.php(679): Illuminate\Routing\Router->runRouteWithinStack(Object(Illuminate\Routing\Route), Object(Illuminate\Http\Request))
#22 C:\lrvmaterial\laravel\vendor\laravel\framework\src\Illuminate\Routing\Router.php(639): Illuminate\Routing\Router->dispatchToRoute(Object(Illuminate\Http\Request))
#23 C:\lrvmaterial\laravel\vendor\laravel\framework\src\Illuminate\Foundation\Http\Kernel.php(236): Illuminate\Routing\Router->dispatch(Object(Illuminate\Http\Request))
#24 [internal function]: Illuminate\Foundation\Http\Kernel->Illuminate\Foundation\Http\{closure}(Object(Illuminate\Http\Request))
#25 C:\lrvmaterial\laravel\vendor\laravel\framework\src\Illuminate\Pipeline\Pipeline.php(139): call_user_func(Object(Closure), Object(Illuminate\Http\Request))
#26 C:\lrvmaterial\laravel\vendor\laravel\framework\src\Illuminate\Foundation\Http\Middleware\VerifyCsrfToken.php(50): Illuminate\Pipeline\Pipeline->Illuminate\Pipeline\{closure}(Object(Illuminate\Http\Request))
#27 [internal function]: Illuminate\Foundation\Http\Middleware\VerifyCsrfToken->handle(Object(Illuminate\Http\Request), Object(Closure))
#28 C:\lrvmaterial\laravel\vendor\laravel\framework\src\Illuminate\Pipeline\Pipeline.php(124): call_user_func_array(Array, Array)
#29 C:\lrvmaterial\laravel\vendor\laravel\framework\src\Illuminate\View\Middleware\ShareErrorsFromSession.php(49): Illuminate\Pipeline\Pipeline->Illuminate\Pipeline\{closure}(Object(Illuminate\Http\Request))
#30 [internal function]: Illuminate\View\Middleware\ShareErrorsFromSession->handle(Object(Illuminate\Http\Request), Object(Closure))
#31 C:\lrvmaterial\laravel\vendor\laravel\framework\src\Illuminate\Pipeline\Pipeline.php(124): call_user_func_array(Array, Array)
#32 C:\lrvmaterial\laravel\vendor\laravel\framework\src\Illuminate\Session\Middleware\StartSession.php(62): Illuminate\Pipeline\Pipeline->Illuminate\Pipeline\{closure}(Object(Illuminate\Http\Request))
#33 [internal function]: Illuminate\Session\Middleware\StartSession->handle(Object(Illuminate\Http\Request), Object(Closure))
#34 C:\lrvmaterial\laravel\vendor\laravel\framework\src\Illuminate\Pipeline\Pipeline.php(124): call_user_func_array(Array, Array)
#35 C:\lrvmaterial\laravel\vendor\laravel\framework\src\Illuminate\Cookie\Middleware\AddQueuedCookiesToResponse.php(37): Illuminate\Pipeline\Pipeline->Illuminate\Pipeline\{closure}(Object(Illuminate\Http\Request))
#36 [internal function]: Illuminate\Cookie\Middleware\AddQueuedCookiesToResponse->handle(Object(Illuminate\Http\Request), Object(Closure))
#37 C:\lrvmaterial\laravel\vendor\laravel\framework\src\Illuminate\Pipeline\Pipeline.php(124): call_user_func_array(Array, Array)
#38 C:\lrvmaterial\laravel\vendor\laravel\framework\src\Illuminate\Cookie\Middleware\EncryptCookies.php(59): Illuminate\Pipeline\Pipeline->Illuminate\Pipeline\{closure}(Object(Illuminate\Http\Request))
#39 [internal function]: Illuminate\Cookie\Middleware\EncryptCookies->handle(Object(Illuminate\Http\Request), Object(Closure))
#40 C:\lrvmaterial\laravel\vendor\laravel\framework\src\Illuminate\Pipeline\Pipeline.php(124): call_user_func_array(Array, Array)
#41 C:\lrvmaterial\laravel\vendor\laravel\framework\src\Illuminate\Foundation\Http\Middleware\CheckForMaintenanceMode.php(42): Illuminate\Pipeline\Pipeline->Illuminate\Pipeline\{closure}(Object(Illuminate\Http\Request))
#42 [internal function]: Illuminate\Foundation\Http\Middleware\CheckForMaintenanceMode->handle(Object(Illuminate\Http\Request), Object(Closure))
#43 C:\lrvmaterial\laravel\vendor\laravel\framework\src\Illuminate\Pipeline\Pipeline.php(124): call_user_func_array(Array, Array)
#44 [internal function]: Illuminate\Pipeline\Pipeline->Illuminate\Pipeline\{closure}(Object(Illuminate\Http\Request))
#45 C:\lrvmaterial\laravel\vendor\laravel\framework\src\Illuminate\Pipeline\Pipeline.php(103): call_user_func(Object(Closure), Object(Illuminate\Http\Request))
#46 C:\lrvmaterial\laravel\vendor\laravel\framework\src\Illuminate\Foundation\Http\Kernel.php(122): Illuminate\Pipeline\Pipeline->then(Object(Closure))
#47 C:\lrvmaterial\laravel\vendor\laravel\framework\src\Illuminate\Foundation\Http\Kernel.php(87): Illuminate\Foundation\Http\Kernel->sendRequestThroughRouter(Object(Illuminate\Http\Request))
#48 C:\lrvmaterial\laravel\app\Http\Kernel.php(37): Illuminate\Foundation\Http\Kernel->handle(Object(Illuminate\Http\Request))
#49 C:\lrvmaterial\laravel\public\index.php(54): App\Http\Kernel->handle(Object(Illuminate\Http\Request))
#50 C:\lrvmaterial\laravel\server.php(21): require_once('C:\\lrvmaterial\\...')
#51 {main}  
[2015-11-15 17:05:37] production.ERROR: exception 'PDOException' with message 'SQLSTATE[HY000] [2002] No connection could be made because the target machine actively refused it.
' in C:\lrvmaterial\laravel\vendor\laravel\framework\src\Illuminate\Database\Connectors\Connector.php:55
Stack trace:
#0 C:\lrvmaterial\laravel\vendor\laravel\framework\src\Illuminate\Database\Connectors\Connector.php(55): PDO->__construct('mysql:host=loca...', 'root', '', Array)
#1 C:\lrvmaterial\laravel\vendor\laravel\framework\src\Illuminate\Database\Connectors\MySqlConnector.php(22): Illuminate\Database\Connectors\Connector->createConnection('mysql:host=loca...', Array, Array)
#2 C:\lrvmaterial\laravel\vendor\laravel\framework\src\Illuminate\Database\Connectors\ConnectionFactory.php(60): Illuminate\Database\Connectors\MySqlConnector->connect(Array)
#3 C:\lrvmaterial\laravel\vendor\laravel\framework\src\Illuminate\Database\Connectors\ConnectionFactory.php(49): Illuminate\Database\Connectors\ConnectionFactory->createSingleConnection(Array)
#4 C:\lrvmaterial\laravel\vendor\laravel\framework\src\Illuminate\Database\DatabaseManager.php(175): Illuminate\Database\Connectors\ConnectionFactory->make(Array, 'mysql')
#5 C:\lrvmaterial\laravel\vendor\laravel\framework\src\Illuminate\Database\DatabaseManager.php(67): Illuminate\Database\DatabaseManager->makeConnection('mysql')
#6 C:\lrvmaterial\laravel\vendor\laravel\framework\src\Illuminate\Database\Eloquent\Model.php(3268): Illuminate\Database\DatabaseManager->connection(NULL)
#7 C:\lrvmaterial\laravel\vendor\laravel\framework\src\Illuminate\Database\Eloquent\Model.php(3234): Illuminate\Database\Eloquent\Model::resolveConnection(NULL)
#8 C:\lrvmaterial\laravel\vendor\laravel\framework\src\Illuminate\Database\Eloquent\Model.php(1914): Illuminate\Database\Eloquent\Model->getConnection()
#9 C:\lrvmaterial\laravel\vendor\laravel\framework\src\Illuminate\Database\Eloquent\Model.php(1857): Illuminate\Database\Eloquent\Model->newBaseQueryBuilder()
#10 C:\lrvmaterial\laravel\vendor\laravel\framework\src\Illuminate\Database\Eloquent\Model.php(1831): Illuminate\Database\Eloquent\Model->newQueryWithoutScopes()
#11 C:\lrvmaterial\laravel\vendor\laravel\framework\src\Illuminate\Auth\EloquentUserProvider.php(47): Illuminate\Database\Eloquent\Model->newQuery()
#12 C:\lrvmaterial\laravel\vendor\laravel\framework\src\Illuminate\Auth\Guard.php(151): Illuminate\Auth\EloquentUserProvider->retrieveById(1)
#13 C:\lrvmaterial\laravel\vendor\laravel\framework\src\Illuminate\Auth\Guard.php(112): Illuminate\Auth\Guard->user()
#14 C:\lrvmaterial\laravel\vendor\laravel\framework\src\Illuminate\Auth\Guard.php(122): Illuminate\Auth\Guard->check()
#15 C:\lrvmaterial\laravel\app\Http\Middleware\Authenticate.php(37): Illuminate\Auth\Guard->guest()
#16 [internal function]: App\Http\Middleware\Authenticate->handle(Object(Illuminate\Http\Request), Object(Closure))
#17 C:\lrvmaterial\laravel\vendor\laravel\framework\src\Illuminate\Pipeline\Pipeline.php(124): call_user_func_array(Array, Array)
#18 [internal function]: Illuminate\Pipeline\Pipeline->Illuminate\Pipeline\{closure}(Object(Illuminate\Http\Request))
#19 C:\lrvmaterial\laravel\vendor\laravel\framework\src\Illuminate\Pipeline\Pipeline.php(103): call_user_func(Object(Closure), Object(Illuminate\Http\Request))
#20 C:\lrvmaterial\laravel\vendor\laravel\framework\src\Illuminate\Routing\Router.php(714): Illuminate\Pipeline\Pipeline->then(Object(Closure))
#21 C:\lrvmaterial\laravel\vendor\laravel\framework\src\Illuminate\Routing\Router.php(679): Illuminate\Routing\Router->runRouteWithinStack(Object(Illuminate\Routing\Route), Object(Illuminate\Http\Request))
#22 C:\lrvmaterial\laravel\vendor\laravel\framework\src\Illuminate\Routing\Router.php(639): Illuminate\Routing\Router->dispatchToRoute(Object(Illuminate\Http\Request))
#23 C:\lrvmaterial\laravel\vendor\laravel\framework\src\Illuminate\Foundation\Http\Kernel.php(236): Illuminate\Routing\Router->dispatch(Object(Illuminate\Http\Request))
#24 [internal function]: Illuminate\Foundation\Http\Kernel->Illuminate\Foundation\Http\{closure}(Object(Illuminate\Http\Request))
#25 C:\lrvmaterial\laravel\vendor\laravel\framework\src\Illuminate\Pipeline\Pipeline.php(139): call_user_func(Object(Closure), Object(Illuminate\Http\Request))
#26 C:\lrvmaterial\laravel\vendor\laravel\framework\src\Illuminate\Foundation\Http\Middleware\VerifyCsrfToken.php(50): Illuminate\Pipeline\Pipeline->Illuminate\Pipeline\{closure}(Object(Illuminate\Http\Request))
#27 [internal function]: Illuminate\Foundation\Http\Middleware\VerifyCsrfToken->handle(Object(Illuminate\Http\Request), Object(Closure))
#28 C:\lrvmaterial\laravel\vendor\laravel\framework\src\Illuminate\Pipeline\Pipeline.php(124): call_user_func_array(Array, Array)
#29 C:\lrvmaterial\laravel\vendor\laravel\framework\src\Illuminate\View\Middleware\ShareErrorsFromSession.php(49): Illuminate\Pipeline\Pipeline->Illuminate\Pipeline\{closure}(Object(Illuminate\Http\Request))
#30 [internal function]: Illuminate\View\Middleware\ShareErrorsFromSession->handle(Object(Illuminate\Http\Request), Object(Closure))
#31 C:\lrvmaterial\laravel\vendor\laravel\framework\src\Illuminate\Pipeline\Pipeline.php(124): call_user_func_array(Array, Array)
#32 C:\lrvmaterial\laravel\vendor\laravel\framework\src\Illuminate\Session\Middleware\StartSession.php(62): Illuminate\Pipeline\Pipeline->Illuminate\Pipeline\{closure}(Object(Illuminate\Http\Request))
#33 [internal function]: Illuminate\Session\Middleware\StartSession->handle(Object(Illuminate\Http\Request), Object(Closure))
#34 C:\lrvmaterial\laravel\vendor\laravel\framework\src\Illuminate\Pipeline\Pipeline.php(124): call_user_func_array(Array, Array)
#35 C:\lrvmaterial\laravel\vendor\laravel\framework\src\Illuminate\Cookie\Middleware\AddQueuedCookiesToResponse.php(37): Illuminate\Pipeline\Pipeline->Illuminate\Pipeline\{closure}(Object(Illuminate\Http\Request))
#36 [internal function]: Illuminate\Cookie\Middleware\AddQueuedCookiesToResponse->handle(Object(Illuminate\Http\Request), Object(Closure))
#37 C:\lrvmaterial\laravel\vendor\laravel\framework\src\Illuminate\Pipeline\Pipeline.php(124): call_user_func_array(Array, Array)
#38 C:\lrvmaterial\laravel\vendor\laravel\framework\src\Illuminate\Cookie\Middleware\EncryptCookies.php(59): Illuminate\Pipeline\Pipeline->Illuminate\Pipeline\{closure}(Object(Illuminate\Http\Request))
#39 [internal function]: Illuminate\Cookie\Middleware\EncryptCookies->handle(Object(Illuminate\Http\Request), Object(Closure))
#40 C:\lrvmaterial\laravel\vendor\laravel\framework\src\Illuminate\Pipeline\Pipeline.php(124): call_user_func_array(Array, Array)
#41 C:\lrvmaterial\laravel\vendor\laravel\framework\src\Illuminate\Foundation\Http\Middleware\CheckForMaintenanceMode.php(42): Illuminate\Pipeline\Pipeline->Illuminate\Pipeline\{closure}(Object(Illuminate\Http\Request))
#42 [internal function]: Illuminate\Foundation\Http\Middleware\CheckForMaintenanceMode->handle(Object(Illuminate\Http\Request), Object(Closure))
#43 C:\lrvmaterial\laravel\vendor\laravel\framework\src\Illuminate\Pipeline\Pipeline.php(124): call_user_func_array(Array, Array)
#44 [internal function]: Illuminate\Pipeline\Pipeline->Illuminate\Pipeline\{closure}(Object(Illuminate\Http\Request))
#45 C:\lrvmaterial\laravel\vendor\laravel\framework\src\Illuminate\Pipeline\Pipeline.php(103): call_user_func(Object(Closure), Object(Illuminate\Http\Request))
#46 C:\lrvmaterial\laravel\vendor\laravel\framework\src\Illuminate\Foundation\Http\Kernel.php(122): Illuminate\Pipeline\Pipeline->then(Object(Closure))
#47 C:\lrvmaterial\laravel\vendor\laravel\framework\src\Illuminate\Foundation\Http\Kernel.php(87): Illuminate\Foundation\Http\Kernel->sendRequestThroughRouter(Object(Illuminate\Http\Request))
#48 C:\lrvmaterial\laravel\app\Http\Kernel.php(37): Illuminate\Foundation\Http\Kernel->handle(Object(Illuminate\Http\Request))
#49 C:\lrvmaterial\laravel\public\index.php(54): App\Http\Kernel->handle(Object(Illuminate\Http\Request))
#50 C:\lrvmaterial\laravel\server.php(21): require_once('C:\\lrvmaterial\\...')
#51 {main}  
[2015-11-15 17:05:45] production.ERROR: exception 'PDOException' with message 'SQLSTATE[HY000] [2002] No connection could be made because the target machine actively refused it.
' in C:\lrvmaterial\laravel\vendor\laravel\framework\src\Illuminate\Database\Connectors\Connector.php:55
Stack trace:
#0 C:\lrvmaterial\laravel\vendor\laravel\framework\src\Illuminate\Database\Connectors\Connector.php(55): PDO->__construct('mysql:host=loca...', 'root', '', Array)
#1 C:\lrvmaterial\laravel\vendor\laravel\framework\src\Illuminate\Database\Connectors\MySqlConnector.php(22): Illuminate\Database\Connectors\Connector->createConnection('mysql:host=loca...', Array, Array)
#2 C:\lrvmaterial\laravel\vendor\laravel\framework\src\Illuminate\Database\Connectors\ConnectionFactory.php(60): Illuminate\Database\Connectors\MySqlConnector->connect(Array)
#3 C:\lrvmaterial\laravel\vendor\laravel\framework\src\Illuminate\Database\Connectors\ConnectionFactory.php(49): Illuminate\Database\Connectors\ConnectionFactory->createSingleConnection(Array)
#4 C:\lrvmaterial\laravel\vendor\laravel\framework\src\Illuminate\Database\DatabaseManager.php(175): Illuminate\Database\Connectors\ConnectionFactory->make(Array, 'mysql')
#5 C:\lrvmaterial\laravel\vendor\laravel\framework\src\Illuminate\Database\DatabaseManager.php(67): Illuminate\Database\DatabaseManager->makeConnection('mysql')
#6 C:\lrvmaterial\laravel\vendor\laravel\framework\src\Illuminate\Database\Eloquent\Model.php(3268): Illuminate\Database\DatabaseManager->connection(NULL)
#7 C:\lrvmaterial\laravel\vendor\laravel\framework\src\Illuminate\Database\Eloquent\Model.php(3234): Illuminate\Database\Eloquent\Model::resolveConnection(NULL)
#8 C:\lrvmaterial\laravel\vendor\laravel\framework\src\Illuminate\Database\Eloquent\Model.php(1914): Illuminate\Database\Eloquent\Model->getConnection()
#9 C:\lrvmaterial\laravel\vendor\laravel\framework\src\Illuminate\Database\Eloquent\Model.php(1857): Illuminate\Database\Eloquent\Model->newBaseQueryBuilder()
#10 C:\lrvmaterial\laravel\vendor\laravel\framework\src\Illuminate\Database\Eloquent\Model.php(1831): Illuminate\Database\Eloquent\Model->newQueryWithoutScopes()
#11 C:\lrvmaterial\laravel\vendor\laravel\framework\src\Illuminate\Auth\EloquentUserProvider.php(47): Illuminate\Database\Eloquent\Model->newQuery()
#12 C:\lrvmaterial\laravel\vendor\laravel\framework\src\Illuminate\Auth\Guard.php(151): Illuminate\Auth\EloquentUserProvider->retrieveById(1)
#13 C:\lrvmaterial\laravel\vendor\laravel\framework\src\Illuminate\Auth\Guard.php(112): Illuminate\Auth\Guard->user()
#14 C:\lrvmaterial\laravel\vendor\laravel\framework\src\Illuminate\Auth\Guard.php(122): Illuminate\Auth\Guard->check()
#15 C:\lrvmaterial\laravel\app\Http\Middleware\Authenticate.php(37): Illuminate\Auth\Guard->guest()
#16 [internal function]: App\Http\Middleware\Authenticate->handle(Object(Illuminate\Http\Request), Object(Closure))
#17 C:\lrvmaterial\laravel\vendor\laravel\framework\src\Illuminate\Pipeline\Pipeline.php(124): call_user_func_array(Array, Array)
#18 [internal function]: Illuminate\Pipeline\Pipeline->Illuminate\Pipeline\{closure}(Object(Illuminate\Http\Request))
#19 C:\lrvmaterial\laravel\vendor\laravel\framework\src\Illuminate\Pipeline\Pipeline.php(103): call_user_func(Object(Closure), Object(Illuminate\Http\Request))
#20 C:\lrvmaterial\laravel\vendor\laravel\framework\src\Illuminate\Routing\Router.php(714): Illuminate\Pipeline\Pipeline->then(Object(Closure))
#21 C:\lrvmaterial\laravel\vendor\laravel\framework\src\Illuminate\Routing\Router.php(679): Illuminate\Routing\Router->runRouteWithinStack(Object(Illuminate\Routing\Route), Object(Illuminate\Http\Request))
#22 C:\lrvmaterial\laravel\vendor\laravel\framework\src\Illuminate\Routing\Router.php(639): Illuminate\Routing\Router->dispatchToRoute(Object(Illuminate\Http\Request))
#23 C:\lrvmaterial\laravel\vendor\laravel\framework\src\Illuminate\Foundation\Http\Kernel.php(236): Illuminate\Routing\Router->dispatch(Object(Illuminate\Http\Request))
#24 [internal function]: Illuminate\Foundation\Http\Kernel->Illuminate\Foundation\Http\{closure}(Object(Illuminate\Http\Request))
#25 C:\lrvmaterial\laravel\vendor\laravel\framework\src\Illuminate\Pipeline\Pipeline.php(139): call_user_func(Object(Closure), Object(Illuminate\Http\Request))
#26 C:\lrvmaterial\laravel\vendor\laravel\framework\src\Illuminate\Foundation\Http\Middleware\VerifyCsrfToken.php(50): Illuminate\Pipeline\Pipeline->Illuminate\Pipeline\{closure}(Object(Illuminate\Http\Request))
#27 [internal function]: Illuminate\Foundation\Http\Middleware\VerifyCsrfToken->handle(Object(Illuminate\Http\Request), Object(Closure))
#28 C:\lrvmaterial\laravel\vendor\laravel\framework\src\Illuminate\Pipeline\Pipeline.php(124): call_user_func_array(Array, Array)
#29 C:\lrvmaterial\laravel\vendor\laravel\framework\src\Illuminate\View\Middleware\ShareErrorsFromSession.php(49): Illuminate\Pipeline\Pipeline->Illuminate\Pipeline\{closure}(Object(Illuminate\Http\Request))
#30 [internal function]: Illuminate\View\Middleware\ShareErrorsFromSession->handle(Object(Illuminate\Http\Request), Object(Closure))
#31 C:\lrvmaterial\laravel\vendor\laravel\framework\src\Illuminate\Pipeline\Pipeline.php(124): call_user_func_array(Array, Array)
#32 C:\lrvmaterial\laravel\vendor\laravel\framework\src\Illuminate\Session\Middleware\StartSession.php(62): Illuminate\Pipeline\Pipeline->Illuminate\Pipeline\{closure}(Object(Illuminate\Http\Request))
#33 [internal function]: Illuminate\Session\Middleware\StartSession->handle(Object(Illuminate\Http\Request), Object(Closure))
#34 C:\lrvmaterial\laravel\vendor\laravel\framework\src\Illuminate\Pipeline\Pipeline.php(124): call_user_func_array(Array, Array)
#35 C:\lrvmaterial\laravel\vendor\laravel\framework\src\Illuminate\Cookie\Middleware\AddQueuedCookiesToResponse.php(37): Illuminate\Pipeline\Pipeline->Illuminate\Pipeline\{closure}(Object(Illuminate\Http\Request))
#36 [internal function]: Illuminate\Cookie\Middleware\AddQueuedCookiesToResponse->handle(Object(Illuminate\Http\Request), Object(Closure))
#37 C:\lrvmaterial\laravel\vendor\laravel\framework\src\Illuminate\Pipeline\Pipeline.php(124): call_user_func_array(Array, Array)
#38 C:\lrvmaterial\laravel\vendor\laravel\framework\src\Illuminate\Cookie\Middleware\EncryptCookies.php(59): Illuminate\Pipeline\Pipeline->Illuminate\Pipeline\{closure}(Object(Illuminate\Http\Request))
#39 [internal function]: Illuminate\Cookie\Middleware\EncryptCookies->handle(Object(Illuminate\Http\Request), Object(Closure))
#40 C:\lrvmaterial\laravel\vendor\laravel\framework\src\Illuminate\Pipeline\Pipeline.php(124): call_user_func_array(Array, Array)
#41 C:\lrvmaterial\laravel\vendor\laravel\framework\src\Illuminate\Foundation\Http\Middleware\CheckForMaintenanceMode.php(42): Illuminate\Pipeline\Pipeline->Illuminate\Pipeline\{closure}(Object(Illuminate\Http\Request))
#42 [internal function]: Illuminate\Foundation\Http\Middleware\CheckForMaintenanceMode->handle(Object(Illuminate\Http\Request), Object(Closure))
#43 C:\lrvmaterial\laravel\vendor\laravel\framework\src\Illuminate\Pipeline\Pipeline.php(124): call_user_func_array(Array, Array)
#44 [internal function]: Illuminate\Pipeline\Pipeline->Illuminate\Pipeline\{closure}(Object(Illuminate\Http\Request))
#45 C:\lrvmaterial\laravel\vendor\laravel\framework\src\Illuminate\Pipeline\Pipeline.php(103): call_user_func(Object(Closure), Object(Illuminate\Http\Request))
#46 C:\lrvmaterial\laravel\vendor\laravel\framework\src\Illuminate\Foundation\Http\Kernel.php(122): Illuminate\Pipeline\Pipeline->then(Object(Closure))
#47 C:\lrvmaterial\laravel\vendor\laravel\framework\src\Illuminate\Foundation\Http\Kernel.php(87): Illuminate\Foundation\Http\Kernel->sendRequestThroughRouter(Object(Illuminate\Http\Request))
#48 C:\lrvmaterial\laravel\app\Http\Kernel.php(37): Illuminate\Foundation\Http\Kernel->handle(Object(Illuminate\Http\Request))
#49 C:\lrvmaterial\laravel\public\index.php(54): App\Http\Kernel->handle(Object(Illuminate\Http\Request))
#50 C:\lrvmaterial\laravel\server.php(21): require_once('C:\\lrvmaterial\\...')
#51 {main}  
